# JRE version: Java(TM) SE Runtime Environment (8.0_161-b12) (build 1.8.0_161-b12)
# Java VM: Java HotSpot(TM) 64-Bit Server VM (25.161-b12 mixed mode windows-amd64 compressed oops)
Heap:
 PSYoungGen      total 1692672K, used 814540K [0x00000006efb00000, 0x0000000757d80000, 0x00000007c0000000)
  eden space 1679872K, 48% used [0x00000006efb00000,0x000000072159b680,0x0000000756380000)
  from space 12800K, 6% used [0x0000000756380000,0x0000000756457c70,0x0000000757000000)
  to   space 12288K, 0% used [0x0000000757180000,0x0000000757180000,0x0000000757d80000)
 ParOldGen       total 3413504K, used 901110K [0x000000054f000000, 0x000000061f580000, 0x00000006efb00000)
  object space 3413504K, 26% used [0x000000054f000000,0x0000000585ffdb58,0x000000061f580000)
 Metaspace       used 33961K, capacity 34404K, committed 34688K, reserved 1079296K
  class space    used 4000K, capacity 4131K, committed 4224K, reserved 1048576K
GC Heap History (10 events):
Event: 9085.311 GC heap before
{Heap before GC invocations=86 (full 1):
 PSYoungGen      total 1689088K, used 1671191K [0x00000006efb00000, 0x0000000757d80000, 0x00000007c0000000)
  eden space 1670656K, 99% used [0x00000006efb00000,0x0000000755a6dbb0,0x0000000755a80000)
  from space 18432K, 3% used [0x0000000756b80000,0x0000000756c18328,0x0000000757d80000)
  to   space 17408K, 0% used [0x0000000755a80000,0x0000000755a80000,0x0000000756b80000)
 ParOldGen       total 3413504K, used 859167K [0x000000054f000000, 0x000000061f580000, 0x00000006efb00000)
  object space 3413504K, 25% used [0x000000054f000000,0x0000000583707e68,0x000000061f580000)
 Metaspace       used 33961K, capacity 34404K, committed 34688K, reserved 1079296K
  class space    used 4000K, capacity 4131K, committed 4224K, reserved 1048576K
Event: 9085.315 GC heap after
Heap after GC invocations=86 (full 1):
 PSYoungGen      total 1688064K, used 915K [0x00000006efb00000, 0x0000000757d80000, 0x00000007c0000000)
  eden space 1670656K, 0% used [0x00000006efb00000,0x00000006efb00000,0x0000000755a80000)
  from space 17408K, 5% used [0x0000000755a80000,0x0000000755b64f98,0x0000000756b80000)
  to   space 16384K, 0% used [0x0000000756d80000,0x0000000756d80000,0x0000000757d80000)
 ParOldGen       total 3413504K, used 859200K [0x000000054f000000, 0x000000061f580000, 0x00000006efb00000)
  object space 3413504K, 25% used [0x000000054f000000,0x00000005837100e0,0x000000061f580000)
 Metaspace       used 33961K, capacity 34404K, committed 34688K, reserved 1079296K
  class space    used 4000K, capacity 4131K, committed 4224K, reserved 1048576K
}
Event: 9104.078 GC heap before
{Heap before GC invocations=87 (full 1):
 PSYoungGen      total 1688064K, used 1645103K [0x00000006efb00000, 0x0000000757d80000, 0x00000007c0000000)
  eden space 1670656K, 98% used [0x00000006efb00000,0x00000007540a6f68,0x0000000755a80000)
  from space 17408K, 5% used [0x0000000755a80000,0x0000000755b64f98,0x0000000756b80000)
  to   space 16384K, 0% used [0x0000000756d80000,0x0000000756d80000,0x0000000757d80000)
 ParOldGen       total 3413504K, used 859200K [0x000000054f000000, 0x000000061f580000, 0x00000006efb00000)
  object space 3413504K, 25% used [0x000000054f000000,0x00000005837100e0,0x000000061f580000)
 Metaspace       used 33961K, capacity 34404K, committed 34688K, reserved 1079296K
  class space    used 4000K, capacity 4131K, committed 4224K, reserved 1048576K
Event: 9104.087 GC heap after
Heap after GC invocations=87 (full 1):
 PSYoungGen      total 1691648K, used 701K [0x00000006efb00000, 0x0000000757d80000, 0x00000007c0000000)
  eden space 1675264K, 0% used [0x00000006efb00000,0x00000006efb00000,0x0000000755f00000)
  from space 16384K, 4% used [0x0000000756d80000,0x0000000756e2f5f8,0x0000000757d80000)
  to   space 14848K, 0% used [0x0000000755f00000,0x0000000755f00000,0x0000000756d80000)
 ParOldGen       total 3413504K, used 859232K [0x000000054f000000, 0x000000061f580000, 0x00000006efb00000)
  object space 3413504K, 25% used [0x000000054f000000,0x0000000583718358,0x000000061f580000)
 Metaspace       used 33961K, capacity 34404K, committed 34688K, reserved 1079296K
  class space    used 4000K, capacity 4131K, committed 4224K, reserved 1048576K
}
Event: 9162.390 GC heap before
{Heap before GC invocations=88 (full 1):
 PSYoungGen      total 1691648K, used 1675875K [0x00000006efb00000, 0x0000000757d80000, 0x00000007c0000000)
  eden space 1675264K, 99% used [0x00000006efb00000,0x0000000755ee9940,0x0000000755f00000)
  from space 16384K, 4% used [0x0000000756d80000,0x0000000756e2f5f8,0x0000000757d80000)
  to   space 14848K, 0% used [0x0000000755f00000,0x0000000755f00000,0x0000000756d80000)
 ParOldGen       total 3413504K, used 859232K [0x000000054f000000, 0x000000061f580000, 0x00000006efb00000)
  object space 3413504K, 25% used [0x000000054f000000,0x0000000583718358,0x000000061f580000)
 Metaspace       used 33961K, capacity 34404K, committed 34688K, reserved 1079296K
  class space    used 4000K, capacity 4131K, committed 4224K, reserved 1048576K
Event: 9162.397 GC heap after
Heap after GC invocations=88 (full 1):
 PSYoungGen      total 1690112K, used 748K [0x00000006efb00000, 0x0000000757d80000, 0x00000007c0000000)
  eden space 1675264K, 0% used [0x00000006efb00000,0x00000006efb00000,0x0000000755f00000)
  from space 14848K, 5% used [0x0000000755f00000,0x0000000755fbb108,0x0000000756d80000)
  to   space 13824K, 0% used [0x0000000757000000,0x0000000757000000,0x0000000757d80000)
 ParOldGen       total 3413504K, used 859265K [0x000000054f000000, 0x000000061f580000, 0x00000006efb00000)
  object space 3413504K, 25% used [0x000000054f000000,0x00000005837205d0,0x000000061f580000)
 Metaspace       used 33961K, capacity 34404K, committed 34688K, reserved 1079296K
  class space    used 4000K, capacity 4131K, committed 4224K, reserved 1048576K
}
Event: 9266.527 GC heap before
{Heap before GC invocations=89 (full 1):
 PSYoungGen      total 1690112K, used 1675955K [0x00000006efb00000, 0x0000000757d80000, 0x00000007c0000000)
  eden space 1675264K, 99% used [0x00000006efb00000,0x0000000755ef1da0,0x0000000755f00000)
  from space 14848K, 5% used [0x0000000755f00000,0x0000000755fbb108,0x0000000756d80000)
  to   space 13824K, 0% used [0x0000000757000000,0x0000000757000000,0x0000000757d80000)
 ParOldGen       total 3413504K, used 859265K [0x000000054f000000, 0x000000061f580000, 0x00000006efb00000)
  object space 3413504K, 25% used [0x000000054f000000,0x00000005837205d0,0x000000061f580000)
 Metaspace       used 33961K, capacity 34404K, committed 34688K, reserved 1079296K
  class space    used 4000K, capacity 4131K, committed 4224K, reserved 1048576K
Event: 9266.536 GC heap after
Heap after GC invocations=89 (full 1):
 PSYoungGen      total 1693696K, used 761K [0x00000006efb00000, 0x0000000757d80000, 0x00000007c0000000)
  eden space 1679872K, 0% used [0x00000006efb00000,0x00000006efb00000,0x0000000756380000)
  from space 13824K, 5% used [0x0000000757000000,0x00000007570be580,0x0000000757d80000)
  to   space 12800K, 0% used [0x0000000756380000,0x0000000756380000,0x0000000757000000)
 ParOldGen       total 3413504K, used 859265K [0x000000054f000000, 0x000000061f580000, 0x00000006efb00000)
  object space 3413504K, 25% used [0x000000054f000000,0x00000005837205d0,0x000000061f580000)
 Metaspace       used 33961K, capacity 34404K, committed 34688K, reserved 1079296K
  class space    used 4000K, capacity 4131K, committed 4224K, reserved 1048576K
}
Event: 9335.073 GC heap before
{Heap before GC invocations=90 (full 1):
 PSYoungGen      total 1693696K, used 1645433K [0x00000006efb00000, 0x0000000757d80000, 0x00000007c0000000)
  eden space 1679872K, 97% used [0x00000006efb00000,0x000000075411feb0,0x0000000756380000)
  from space 13824K, 5% used [0x0000000757000000,0x00000007570be580,0x0000000757d80000)
  to   space 12800K, 0% used [0x0000000756380000,0x0000000756380000,0x0000000757000000)
 ParOldGen       total 3413504K, used 859265K [0x000000054f000000, 0x000000061f580000, 0x00000006efb00000)
  object space 3413504K, 25% used [0x000000054f000000,0x00000005837205d0,0x000000061f580000)
 Metaspace       used 33961K, capacity 34404K, committed 34688K, reserved 1079296K
  class space    used 4000K, capacity 4131K, committed 4224K, reserved 1048576K
Event: 9335.093 GC heap after
Heap after GC invocations=90 (full 1):
 PSYoungGen      total 1692672K, used 863K [0x00000006efb00000, 0x0000000757d80000, 0x00000007c0000000)
  eden space 1679872K, 0% used [0x00000006efb00000,0x00000006efb00000,0x0000000756380000)
  from space 12800K, 6% used [0x0000000756380000,0x0000000756457c70,0x0000000757000000)
  to   space 12288K, 0% used [0x0000000757180000,0x0000000757180000,0x0000000757d80000)
 ParOldGen       total 3413504K, used 901110K [0x000000054f000000, 0x000000061f580000, 0x00000006efb00000)
  object space 3413504K, 26% used [0x000000054f000000,0x0000000585ffdb58,0x000000061f580000)
 Metaspace       used 33961K, capacity 34404K, committed 34688K, reserved 1079296K
  class space    used 4000K, capacity 4131K, committed 4224K, reserved 1048576K
}

