# JRE version: Java(TM) SE Runtime Environment (8.0_161-b12) (build 1.8.0_161-b12)
# Java VM: Java HotSpot(TM) 64-Bit Server VM (25.161-b12 mixed mode windows-amd64 compressed oops)
Heap:
 PSYoungGen      total 2004992K, used 144315K [0x0000000716700000, 0x0000000792b00000, 0x00000007c0000000)
  eden space 1974272K, 7% used [0x0000000716700000,0x000000071ee4ab40,0x000000078ef00000)
  from space 30720K, 18% used [0x000000078ef00000,0x000000078f4a40c8,0x0000000790d00000)
  to   space 19456K, 0% used [0x0000000791800000,0x0000000791800000,0x0000000792b00000)
 ParOldGen       total 195584K, used 34955K [0x00000005c3400000, 0x00000005cf300000, 0x0000000716700000)
  object space 195584K, 17% used [0x00000005c3400000,0x00000005c5622da0,0x00000005cf300000)
 Metaspace       used 34097K, capacity 34592K, committed 34816K, reserved 1079296K
  class space    used 4182K, capacity 4310K, committed 4352K, reserved 1048576K
GC Heap History (10 events):
Event: 564.983 GC heap before
{Heap before GC invocations=14 (full 1):
 PSYoungGen      total 1621504K, used 1613720K [0x0000000716700000, 0x000000077c180000, 0x00000007c0000000)
  eden space 1596928K, 99% used [0x0000000716700000,0x0000000777bd5e10,0x0000000777e80000)
  from space 24576K, 79% used [0x000000077a980000,0x000000077bc90430,0x000000077c180000)
  to   space 34304K, 0% used [0x0000000777e80000,0x0000000777e80000,0x000000077a000000)
 ParOldGen       total 195584K, used 34947K [0x00000005c3400000, 0x00000005cf300000, 0x0000000716700000)
  object space 195584K, 17% used [0x00000005c3400000,0x00000005c5620da0,0x00000005cf300000)
 Metaspace       used 34073K, capacity 34592K, committed 34816K, reserved 1079296K
  class space    used 4182K, capacity 4310K, committed 4352K, reserved 1048576K
Event: 565.286 GC heap after
Heap after GC invocations=14 (full 1):
 PSYoungGen      total 1631232K, used 18962K [0x0000000716700000, 0x0000000793700000, 0x00000007c0000000)
  eden space 1596928K, 0% used [0x0000000716700000,0x0000000716700000,0x0000000777e80000)
  from space 34304K, 55% used [0x0000000777e80000,0x0000000779104a88,0x000000077a000000)
  to   space 31744K, 0% used [0x0000000791800000,0x0000000791800000,0x0000000793700000)
 ParOldGen       total 195584K, used 34947K [0x00000005c3400000, 0x00000005cf300000, 0x0000000716700000)
  object space 195584K, 17% used [0x00000005c3400000,0x00000005c5620da0,0x00000005cf300000)
 Metaspace       used 34073K, capacity 34592K, committed 34816K, reserved 1079296K
  class space    used 4182K, capacity 4310K, committed 4352K, reserved 1048576K
}
Event: 565.535 GC heap before
{Heap before GC invocations=15 (full 1):
 PSYoungGen      total 1631232K, used 1614869K [0x0000000716700000, 0x0000000793700000, 0x00000007c0000000)
  eden space 1596928K, 99% used [0x0000000716700000,0x0000000777d80bc0,0x0000000777e80000)
  from space 34304K, 55% used [0x0000000777e80000,0x0000000779104a88,0x000000077a000000)
  to   space 31744K, 0% used [0x0000000791800000,0x0000000791800000,0x0000000793700000)
 ParOldGen       total 195584K, used 34947K [0x00000005c3400000, 0x00000005cf300000, 0x0000000716700000)
  object space 195584K, 17% used [0x00000005c3400000,0x00000005c5620da0,0x00000005cf300000)
 Metaspace       used 34073K, capacity 34592K, committed 34816K, reserved 1079296K
  class space    used 4182K, capacity 4310K, committed 4352K, reserved 1048576K
Event: 565.549 GC heap after
Heap after GC invocations=15 (full 1):
 PSYoungGen      total 1993728K, used 18819K [0x0000000716700000, 0x0000000792b00000, 0x00000007c0000000)
  eden space 1974272K, 0% used [0x0000000716700000,0x0000000716700000,0x000000078ef00000)
  from space 19456K, 96% used [0x0000000791800000,0x0000000792a60c50,0x0000000792b00000)
  to   space 30720K, 0% used [0x000000078ef00000,0x000000078ef00000,0x0000000790d00000)
 ParOldGen       total 195584K, used 34955K [0x00000005c3400000, 0x00000005cf300000, 0x0000000716700000)
  object space 195584K, 17% used [0x00000005c3400000,0x00000005c5622da0,0x00000005cf300000)
 Metaspace       used 34073K, capacity 34592K, committed 34816K, reserved 1079296K
  class space    used 4182K, capacity 4310K, committed 4352K, reserved 1048576K
}
Event: 565.999 GC heap before
{Heap before GC invocations=16 (full 1):
 PSYoungGen      total 1993728K, used 1988528K [0x0000000716700000, 0x0000000792b00000, 0x00000007c0000000)
  eden space 1974272K, 99% used [0x0000000716700000,0x000000078ea8b798,0x000000078ef00000)
  from space 19456K, 96% used [0x0000000791800000,0x0000000792a60c50,0x0000000792b00000)
  to   space 30720K, 0% used [0x000000078ef00000,0x000000078ef00000,0x0000000790d00000)
 ParOldGen       total 195584K, used 34955K [0x00000005c3400000, 0x00000005cf300000, 0x0000000716700000)
  object space 195584K, 17% used [0x00000005c3400000,0x00000005c5622da0,0x00000005cf300000)
 Metaspace       used 34073K, capacity 34592K, committed 34816K, reserved 1079296K
  class space    used 4182K, capacity 4310K, committed 4352K, reserved 1048576K
Event: 566.004 GC heap after
Heap after GC invocations=16 (full 1):
 PSYoungGen      total 2004992K, used 14417K [0x0000000716700000, 0x0000000792b00000, 0x00000007c0000000)
  eden space 1974272K, 0% used [0x0000000716700000,0x0000000716700000,0x000000078ef00000)
  from space 30720K, 46% used [0x000000078ef00000,0x000000078fd14538,0x0000000790d00000)
  to   space 19456K, 0% used [0x0000000791800000,0x0000000791800000,0x0000000792b00000)
 ParOldGen       total 195584K, used 34955K [0x00000005c3400000, 0x00000005cf300000, 0x0000000716700000)
  object space 195584K, 17% used [0x00000005c3400000,0x00000005c5622da0,0x00000005cf300000)
 Metaspace       used 34073K, capacity 34592K, committed 34816K, reserved 1079296K
  class space    used 4182K, capacity 4310K, committed 4352K, reserved 1048576K
}
Event: 569.423 GC heap before
{Heap before GC invocations=17 (full 1):
 PSYoungGen      total 2004992K, used 1985647K [0x0000000716700000, 0x0000000792b00000, 0x00000007c0000000)
  eden space 1974272K, 99% used [0x0000000716700000,0x000000078ec07990,0x000000078ef00000)
  from space 30720K, 46% used [0x000000078ef00000,0x000000078fd14538,0x0000000790d00000)
  to   space 19456K, 0% used [0x0000000791800000,0x0000000791800000,0x0000000792b00000)
 ParOldGen       total 195584K, used 34955K [0x00000005c3400000, 0x00000005cf300000, 0x0000000716700000)
  object space 195584K, 17% used [0x00000005c3400000,0x00000005c5622da0,0x00000005cf300000)
 Metaspace       used 34097K, capacity 34592K, committed 34816K, reserved 1079296K
  class space    used 4182K, capacity 4310K, committed 4352K, reserved 1048576K
Event: 569.427 GC heap after
Heap after GC invocations=17 (full 1):
 PSYoungGen      total 1993728K, used 18945K [0x0000000716700000, 0x0000000792b00000, 0x00000007c0000000)
  eden space 1974272K, 0% used [0x0000000716700000,0x0000000716700000,0x000000078ef00000)
  from space 19456K, 97% used [0x0000000791800000,0x0000000792a805d8,0x0000000792b00000)
  to   space 30720K, 0% used [0x000000078ef00000,0x000000078ef00000,0x0000000790d00000)
 ParOldGen       total 195584K, used 34955K [0x00000005c3400000, 0x00000005cf300000, 0x0000000716700000)
  object space 195584K, 17% used [0x00000005c3400000,0x00000005c5622da0,0x00000005cf300000)
 Metaspace       used 34097K, capacity 34592K, committed 34816K, reserved 1079296K
  class space    used 4182K, capacity 4310K, committed 4352K, reserved 1048576K
}
Event: 569.777 GC heap before
{Heap before GC invocations=18 (full 1):
 PSYoungGen      total 1993728K, used 1993217K [0x0000000716700000, 0x0000000792b00000, 0x00000007c0000000)
  eden space 1974272K, 100% used [0x0000000716700000,0x000000078ef00000,0x000000078ef00000)
  from space 19456K, 97% used [0x0000000791800000,0x0000000792a805d8,0x0000000792b00000)
  to   space 30720K, 0% used [0x000000078ef00000,0x000000078ef00000,0x0000000790d00000)
 ParOldGen       total 195584K, used 34955K [0x00000005c3400000, 0x00000005cf300000, 0x0000000716700000)
  object space 195584K, 17% used [0x00000005c3400000,0x00000005c5622da0,0x00000005cf300000)
 Metaspace       used 34097K, capacity 34592K, committed 34816K, reserved 1079296K
  class space    used 4182K, capacity 4310K, committed 4352K, reserved 1048576K
Event: 569.779 GC heap after
Heap after GC invocations=18 (full 1):
 PSYoungGen      total 2004992K, used 5776K [0x0000000716700000, 0x0000000792b00000, 0x00000007c0000000)
  eden space 1974272K, 0% used [0x0000000716700000,0x0000000716700000,0x000000078ef00000)
  from space 30720K, 18% used [0x000000078ef00000,0x000000078f4a40c8,0x0000000790d00000)
  to   space 19456K, 0% used [0x0000000791800000,0x0000000791800000,0x0000000792b00000)
 ParOldGen       total 195584K, used 34955K [0x00000005c3400000, 0x00000005cf300000, 0x0000000716700000)
  object space 195584K, 17% used [0x00000005c3400000,0x00000005c5622da0,0x00000005cf300000)
 Metaspace       used 34097K, capacity 34592K, committed 34816K, reserved 1079296K
  class space    used 4182K, capacity 4310K, committed 4352K, reserved 1048576K
}

