# JRE version: Java(TM) SE Runtime Environment (8.0_161-b12) (build 1.8.0_161-b12)
# Java VM: Java HotSpot(TM) 64-Bit Server VM (25.161-b12 mixed mode windows-amd64 compressed oops)
Heap:
 PSYoungGen      total 2741248K, used 0K [0x0000000716700000, 0x00000007c0000000, 0x00000007c0000000)
  eden space 2708480K, 0% used [0x0000000716700000,0x0000000716700000,0x00000007bbc00000)
  from space 32768K, 0% used [0x00000007bbc00000,0x00000007bbc00000,0x00000007bdc00000)
  to   space 36864K, 0% used [0x00000007bdc00000,0x00000007bdc00000,0x00000007c0000000)
 ParOldGen       total 4463616K, used 860561K [0x00000005c3400000, 0x00000006e9200000, 0x0000000716700000)
  object space 4463616K, 19% used [0x00000005c3400000,0x00000005f7c64560,0x00000006d3b00000)
 Metaspace       used 35603K, capacity 36104K, committed 36736K, reserved 1081344K
  class space    used 4179K, capacity 4306K, committed 4480K, reserved 1048576K
GC Heap History (10 events):
Event: 23550.109 GC heap after
Heap after GC invocations=103 (full 14):
 PSYoungGen      total 2742784K, used 559K [0x0000000716700000, 0x00000007c0000000, 0x00000007c0000000)
  eden space 2707456K, 0% used [0x0000000716700000,0x0000000716700000,0x00000007bbb00000)
  from space 35328K, 1% used [0x00000007bbb00000,0x00000007bbb8bef8,0x00000007bdd80000)
  to   space 34304K, 0% used [0x00000007bde80000,0x00000007bde80000,0x00000007c0000000)
 ParOldGen       total 4114944K, used 1727817K [0x00000005c3400000, 0x00000006be680000, 0x0000000716700000)
  object space 4114944K, 41% used [0x00000005c3400000,0x000000062cb52688,0x00000006be680000)
 Metaspace       used 35603K, capacity 36104K, committed 36736K, reserved 1081344K
  class space    used 4179K, capacity 4306K, committed 4480K, reserved 1048576K
}
Event: 23550.109 GC heap before
{Heap before GC invocations=104 (full 15):
 PSYoungGen      total 2742784K, used 559K [0x0000000716700000, 0x00000007c0000000, 0x00000007c0000000)
  eden space 2707456K, 0% used [0x0000000716700000,0x0000000716700000,0x00000007bbb00000)
  from space 35328K, 1% used [0x00000007bbb00000,0x00000007bbb8bef8,0x00000007bdd80000)
  to   space 34304K, 0% used [0x00000007bde80000,0x00000007bde80000,0x00000007c0000000)
 ParOldGen       total 4114944K, used 1727817K [0x00000005c3400000, 0x00000006be680000, 0x0000000716700000)
  object space 4114944K, 41% used [0x00000005c3400000,0x000000062cb52688,0x00000006be680000)
 Metaspace       used 35603K, capacity 36104K, committed 36736K, reserved 1081344K
  class space    used 4179K, capacity 4306K, committed 4480K, reserved 1048576K
Event: 23550.191 GC heap after
Heap after GC invocations=104 (full 15):
 PSYoungGen      total 2742784K, used 0K [0x0000000716700000, 0x00000007c0000000, 0x00000007c0000000)
  eden space 2707456K, 0% used [0x0000000716700000,0x0000000716700000,0x00000007bbb00000)
  from space 35328K, 0% used [0x00000007bbb00000,0x00000007bbb00000,0x00000007bdd80000)
  to   space 34304K, 0% used [0x00000007bde80000,0x00000007bde80000,0x00000007c0000000)
 ParOldGen       total 3391488K, used 276965K [0x00000005c3400000, 0x0000000692400000, 0x0000000716700000)
  object space 3391488K, 8% used [0x00000005c3400000,0x00000005d42795f8,0x0000000692400000)
 Metaspace       used 35603K, capacity 36104K, committed 36736K, reserved 1081344K
  class space    used 4179K, capacity 4306K, committed 4480K, reserved 1048576K
}
Event: 23553.472 GC heap before
{Heap before GC invocations=105 (full 15):
 PSYoungGen      total 2742784K, used 2429877K [0x0000000716700000, 0x00000007c0000000, 0x00000007c0000000)
  eden space 2707456K, 89% used [0x0000000716700000,0x00000007aabed7f0,0x00000007bbb00000)
  from space 35328K, 0% used [0x00000007bbb00000,0x00000007bbb00000,0x00000007bdd80000)
  to   space 34304K, 0% used [0x00000007bde80000,0x00000007bde80000,0x00000007c0000000)
 ParOldGen       total 3391488K, used 276965K [0x00000005c3400000, 0x0000000692400000, 0x0000000716700000)
  object space 3391488K, 8% used [0x00000005c3400000,0x00000005d42795f8,0x0000000692400000)
 Metaspace       used 35603K, capacity 36104K, committed 36736K, reserved 1081344K
  class space    used 4179K, capacity 4306K, committed 4480K, reserved 1048576K
Event: 23553.738 GC heap after
Heap after GC invocations=105 (full 15):
 PSYoungGen      total 2738688K, used 96K [0x0000000716700000, 0x00000007bfc00000, 0x00000007c0000000)
  eden space 2708480K, 0% used [0x0000000716700000,0x0000000716700000,0x00000007bbc00000)
  from space 30208K, 0% used [0x00000007bde80000,0x00000007bde98000,0x00000007bfc00000)
  to   space 32768K, 0% used [0x00000007bbc00000,0x00000007bbc00000,0x00000007bdc00000)
 ParOldGen       total 3391488K, used 2973374K [0x00000005c3400000, 0x0000000692400000, 0x0000000716700000)
  object space 3391488K, 87% used [0x00000005c3400000,0x0000000678bafa28,0x0000000692400000)
 Metaspace       used 35603K, capacity 36104K, committed 36736K, reserved 1081344K
  class space    used 4179K, capacity 4306K, committed 4480K, reserved 1048576K
}
Event: 23553.738 GC heap before
{Heap before GC invocations=106 (full 16):
 PSYoungGen      total 2738688K, used 96K [0x0000000716700000, 0x00000007bfc00000, 0x00000007c0000000)
  eden space 2708480K, 0% used [0x0000000716700000,0x0000000716700000,0x00000007bbc00000)
  from space 30208K, 0% used [0x00000007bde80000,0x00000007bde98000,0x00000007bfc00000)
  to   space 32768K, 0% used [0x00000007bbc00000,0x00000007bbc00000,0x00000007bdc00000)
 ParOldGen       total 3391488K, used 2973374K [0x00000005c3400000, 0x0000000692400000, 0x0000000716700000)
  object space 3391488K, 87% used [0x00000005c3400000,0x0000000678bafa28,0x0000000692400000)
 Metaspace       used 35603K, capacity 36104K, committed 36736K, reserved 1081344K
  class space    used 4179K, capacity 4306K, committed 4480K, reserved 1048576K
Event: 23553.841 GC heap after
Heap after GC invocations=106 (full 16):
 PSYoungGen      total 2738688K, used 0K [0x0000000716700000, 0x00000007bfc00000, 0x00000007c0000000)
  eden space 2708480K, 0% used [0x0000000716700000,0x0000000716700000,0x00000007bbc00000)
  from space 30208K, 0% used [0x00000007bde80000,0x00000007bde80000,0x00000007bfc00000)
  to   space 32768K, 0% used [0x00000007bbc00000,0x00000007bbc00000,0x00000007bdc00000)
 ParOldGen       total 4463616K, used 838488K [0x00000005c3400000, 0x00000006d3b00000, 0x0000000716700000)
  object space 4463616K, 18% used [0x00000005c3400000,0x00000005f66d62a8,0x00000006d3b00000)
 Metaspace       used 35603K, capacity 36104K, committed 36736K, reserved 1081344K
  class space    used 4179K, capacity 4306K, committed 4480K, reserved 1048576K
}
Event: 23556.952 GC heap before
{Heap before GC invocations=107 (full 16):
 PSYoungGen      total 2738688K, used 2708480K [0x0000000716700000, 0x00000007bfc00000, 0x00000007c0000000)
  eden space 2708480K, 100% used [0x0000000716700000,0x00000007bbc00000,0x00000007bbc00000)
  from space 30208K, 0% used [0x00000007bde80000,0x00000007bde80000,0x00000007bfc00000)
  to   space 32768K, 0% used [0x00000007bbc00000,0x00000007bbc00000,0x00000007bdc00000)
 ParOldGen       total 4463616K, used 838488K [0x00000005c3400000, 0x00000006d3b00000, 0x0000000716700000)
  object space 4463616K, 18% used [0x00000005c3400000,0x00000005f66d62a8,0x00000006d3b00000)
 Metaspace       used 35603K, capacity 36104K, committed 36736K, reserved 1081344K
  class space    used 4179K, capacity 4306K, committed 4480K, reserved 1048576K
Event: 23557.144 GC heap after
Heap after GC invocations=107 (full 16):
 PSYoungGen      total 2741248K, used 32560K [0x0000000716700000, 0x00000007c0000000, 0x00000007c0000000)
  eden space 2708480K, 0% used [0x0000000716700000,0x0000000716700000,0x00000007bbc00000)
  from space 32768K, 99% used [0x00000007bbc00000,0x00000007bdbcc010,0x00000007bdc00000)
  to   space 36864K, 0% used [0x00000007bdc00000,0x00000007bdc00000,0x00000007c0000000)
 ParOldGen       total 4463616K, used 3299994K [0x00000005c3400000, 0x00000006d3b00000, 0x0000000716700000)
  object space 4463616K, 73% used [0x00000005c3400000,0x000000068caa6808,0x00000006d3b00000)
 Metaspace       used 35603K, capacity 36104K, committed 36736K, reserved 1081344K
  class space    used 4179K, capacity 4306K, committed 4480K, reserved 1048576K
}
Event: 23557.144 GC heap before
{Heap before GC invocations=108 (full 17):
 PSYoungGen      total 2741248K, used 32560K [0x0000000716700000, 0x00000007c0000000, 0x00000007c0000000)
  eden space 2708480K, 0% used [0x0000000716700000,0x0000000716700000,0x00000007bbc00000)
  from space 32768K, 99% used [0x00000007bbc00000,0x00000007bdbcc010,0x00000007bdc00000)
  to   space 36864K, 0% used [0x00000007bdc00000,0x00000007bdc00000,0x00000007c0000000)
 ParOldGen       total 4463616K, used 3299994K [0x00000005c3400000, 0x00000006d3b00000, 0x0000000716700000)
  object space 4463616K, 73% used [0x00000005c3400000,0x000000068caa6808,0x00000006d3b00000)
 Metaspace       used 35603K, capacity 36104K, committed 36736K, reserved 1081344K
  class space    used 4179K, capacity 4306K, committed 4480K, reserved 1048576K

